New providers run
 [x] provider_three Sent 65
 [x] provider_four Sent 73
 [x] provider_two Sent 48
 [x] provider_one Sent 24
 [x] provider_four Sent 54
 [x] provider_three Sent 32
 [x] provider_four Sent 81
 [x] provider_three Sent 12
 [x] provider_one Sent 57
 [x] provider_two Sent 22
 [x] provider_two Sent 74
 [x] provider_one Sent 35
 [x] provider_four Sent 23
 [x] provider_one Sent 80
 [x] provider_two Sent 24
 [x] provider_three Sent 49
 [x] provider_three Sent 93
 [x] provider_four Sent 91
 [x] provider_one Sent 32
 [x] provider_two Sent 43
 [x] provider_four Sent 97
 [x] provider_three Sent 10
 [x] provider_four Sent 77
 [x] provider_three Sent 17
 [x] provider_one Sent 68
 [x] provider_two Sent 66
 [x] provider_two Sent 11
 [x] provider_one Sent 39
 [x] provider_four Sent 60
 [x] provider_one Sent 24
 [x] provider_two Sent 57
 [x] provider_three Sent 44
 [x] provider_four Sent 66
 [x] provider_three Sent 52
 [x] provider_one Sent 45
 [x] provider_two Sent 39
 [x] provider_four Sent 85
 [x] provider_three Sent 74
 [x] provider_four Sent 25
 [x] provider_three Sent 74
 [x] provider_one Sent 92
 [x] provider_two Sent 94
 [x] provider_two Sent 15
 [x] provider_one Sent 44
 [x] provider_four Sent 24
 [x] provider_one Sent 80
 [x] provider_two Sent 45
 [x] provider_three Sent 57
 [x] provider_one Sent 92
 [x] provider_three Sent 77
 [x] provider_four Sent 85
 [x] provider_two Sent 14
 [x] provider_three Sent 57
 [x] provider_three Sent 36
 [x] provider_four Sent 29
 [x] provider_one Sent 16
 [x] provider_two Sent 58
 [x] provider_two Sent 76
 [x] provider_four Sent 57
 [x] provider_one Sent 100
 [x] provider_four Sent 54
 [x] provider_one Sent 80
 [x] provider_two Sent 56
 [x] provider_three Sent 79
 [x] provider_three Sent 83
 [x] provider_one Sent 33
 [x] provider_two Sent 42
 [x] provider_four Sent 32
 [x] provider_one Sent 10
 [x] provider_two Sent 97
 [x] provider_four Sent 81
 [x] provider_three Sent 27
 [x] provider_one Sent 36
 [x] provider_three Sent 97
 [x] provider_three Sent 94
 [x] provider_two Sent 77
 [x] provider_four Sent 46
 [x] provider_four Sent 35
 [x] provider_one Sent 69
 [x] provider_two Sent 98
 [x] provider_three Sent 22
 [x] provider_one Sent 40
 [x] provider_two Sent 54
 [x] provider_four Sent 53
 [x] provider_three Sent 86
 [x] provider_two Sent 11
 [x] provider_four Sent 72
 [x] provider_one Sent 47
 [x] provider_one Sent 12
 [x] provider_three Sent 38
 [x] provider_two Sent 43
 [x] provider_three Sent 24
 [x] provider_four Sent 52
 [x] provider_four Sent 24
 [x] provider_one Sent 11
 [x] provider_two Sent 35
 [x] provider_one Sent 100
 [x] provider_four Sent 40
 [x] provider_three Sent 13
 [x] provider_two Sent 58
 [x] provider_three Sent 60
 [x] provider_one Sent 84
 [x] provider_four Sent 57
 [x] provider_two Sent 71
 [x] provider_one Sent 43
 [x] provider_three Sent 77
 [x] provider_two Sent 43
 [x] provider_three Sent 12
 [x] provider_four Sent 41
 [x] provider_two Sent 71
 [x] provider_one Sent 18
 [x] provider_four Sent 65
 [x] provider_one Sent 92
 [x] provider_three Sent 38
 [x] provider_four Sent 19
 [x] provider_two Sent 74
 [x] provider_three Sent 67
 [x] provider_one Sent 63
 [x] provider_four Sent 43
 [x] provider_two Sent 76
 [x] provider_two Sent 39
 [x] provider_two Sent 31
 [x] provider_three Sent 66
 [x] provider_one Sent 91
 [x] provider_one Sent 10
 [x] provider_three Sent 27
 [x] provider_four Sent 42
 [x] provider_four Sent 54
 [x] provider_one Sent 41
 [x] provider_four Sent 67
 [x] provider_three Sent 76
 [x] provider_two Sent 52
 [x] provider_three Sent 55
 [x] provider_four Sent 16
 [x] provider_one Sent 98
 [x] provider_two Sent 87
 [x] provider_three Sent 45
 [x] provider_one Sent 97
 [x] provider_two Sent 11
 [x] provider_one Sent 62
 [x] provider_two Sent 96
 [x] provider_three Sent 55
 [x] provider_four Sent 76
 [x] provider_four Sent 66
 [x] provider_three Sent 51
 [x] provider_four Sent 21
 [x] provider_one Sent 25
 [x] provider_two Sent 47
 [x] provider_four Sent 64
 [x] provider_one Sent 98
 [x] provider_three Sent 59
 [x] provider_two Sent 83
 [x] provider_one Sent 81
 [x] provider_one Sent 94
 [x] provider_two Sent 34
 [x] provider_two Sent 21
 [x] provider_three Sent 74
 [x] provider_three Sent 39
 [x] provider_four Sent 79
 [x] provider_four Sent 12
 [x] provider_three Sent 11
 [x] provider_four Sent 62
 [x] provider_one Sent 12
 [x] provider_two Sent 39
 [x] provider_one Sent 50
 [x] provider_four Sent 26
 [x] provider_two Sent 24
 [x] provider_three Sent 24
 [x] provider_two Sent 31
 [x] provider_one Sent 60
 [x] provider_two Sent 76
 [x] provider_one Sent 45
 [x] provider_three Sent 87
 [x] provider_three Sent 82
 [x] provider_four Sent 100
 [x] provider_four Sent 84
 [x] provider_four Sent 10
 [x] provider_three Sent 41
 [x] provider_one Sent 95
 [x] provider_two Sent 16
 [x] provider_two Sent 62
 [x] provider_four Sent 13
 [x] provider_three Sent 43
 [x] provider_one Sent 11
 [x] provider_one Sent 61
 [x] provider_two Sent 10
 [x] provider_two Sent 53
 [x] provider_one Sent 56
 [x] provider_three Sent 57
 [x] provider_three Sent 57
 [x] provider_four Sent 19
 [x] provider_four Sent 95
 [x] provider_three Sent 99
 [x] provider_four Sent 12
 [x] provider_one Sent 34
 [x] provider_two Sent 82
 [x] provider_two Sent 29
 [x] provider_one Sent 10
 [x] provider_three Sent 31
 [x] provider_four Sent 12
 [x] provider_two Sent 10
 [x] provider_one Sent 33
 [x] provider_one Sent 37
 [x] provider_two Sent 89
 [x] provider_three Sent 31
 [x] provider_three Sent 10
 [x] provider_four Sent 35
 [x] provider_four Sent 37
 [x] provider_one Sent 80
 [x] provider_four Sent 31
 [x] provider_three Sent 65
 [x] provider_two Sent 72
 [x] provider_four Sent 10
 [x] provider_three Sent 26
 [x] provider_two Sent 40
 [x] provider_one Sent 19
 [x] provider_one Sent 65
 [x] provider_one Sent 57
 [x] provider_two Sent 38
 [x] provider_three Sent 87
 [x] provider_four Sent 89
 [x] provider_three Sent 76
 [x] provider_two Sent 88
 [x] provider_four Sent 88
 [x] provider_one Sent 99
 [x] provider_three Sent 69
 [x] provider_four Sent 26
 [x] provider_two Sent 31
 [x] provider_four Sent 35
 [x] provider_two Sent 66
 [x] provider_one Sent 60
 [x] provider_three Sent 34
 [x] provider_two Sent 79
 [x] provider_two Sent 97
 [x] provider_four Sent 42
 [x] provider_three Sent 12
 [x] provider_one Sent 65
 [x] provider_four Sent 78
 [x] provider_one Sent 44
 [x] provider_three Sent 48
 [x] provider_one Sent 91
 [x] provider_three Sent 16
 [x] provider_four Sent 68
 [x] provider_two Sent 52
 [x] provider_four Sent 90
 [x] provider_two Sent 58
 [x] provider_one Sent 18
 [x] provider_three Sent 60
 [x] provider_two Sent 96
 [x] provider_four Sent 17
 [x] provider_two Sent 64
 [x] provider_one Sent 17
 [x] provider_one Sent 24
 [x] provider_three Sent 100
 [x] provider_four Sent 49
 [x] provider_three Sent 84
 [x] provider_one Sent 35
 [x] provider_four Sent 95
 [x] provider_three Sent 55
 [x] provider_two Sent 74
 [x] provider_two Sent 53
 [x] provider_one Sent 55
 [x] provider_four Sent 35
 [x] provider_three Sent 96
 [x] provider_two Sent 38
 [x] provider_one Sent 53
 [x] provider_three Sent 63
 [x] provider_two Sent 36
 [x] provider_one Sent 14
 [x] provider_four Sent 86
 [x] provider_four Sent 42
 [x] provider_three Sent 71
 [x] provider_one Sent 90
 [x] provider_three Sent 94
 [x] provider_four Sent 92
 [x] provider_two Sent 47
 [x] provider_two Sent 37
 [x] provider_one Sent 74
 [x] provider_four Sent 78
 [x] provider_three Sent 67
 [x] provider_one Sent 73
 [x] provider_three Sent 26
 [x] provider_four Sent 37
 [x] provider_two Sent 83
 [x] provider_two Sent 47
 [x] provider_one Sent 52
 [x] provider_three Sent 100
 [x] provider_four Sent 24
 [x] provider_one Sent 70
 [x] provider_three Sent 45
 [x] provider_four Sent 36
 [x] provider_two Sent 40
 [x] provider_two Sent 99
 [x] provider_one Sent 99
 [x] provider_four Sent 78
 [x] provider_three Sent 26
 [x] provider_three Sent 18
 [x] provider_four Sent 100
 [x] provider_two Sent 10
 [x] provider_two Sent 92
 [x] provider_one Sent 94
 [x] provider_three Sent 57
 [x] provider_one Sent 98
 [x] provider_four Sent 12
 [x] provider_four Sent 16
 [x] provider_three Sent 61
 [x] provider_one Sent 53
 [x] provider_two Sent 75
